[2020-01-14 12:21:22.565] [renderer1] [error] Error: [File Watcher (chokidar)] Inotify limit reached (ENOSPC)
[2020-01-14 12:21:22.601] [renderer1] [error] [File Watcher (chokidar)] Inotify limit reached (ENOSPC)
[2020-01-14 12:30:19.533] [renderer1] [error] <semantic> TypeScript Server Error (3.7.3)
Cannot read property 'emitNode' of undefined
TypeError: Cannot read property 'emitNode' of undefined
    at Object.getStartsOnNewLine (tsserver.js:69012:29)
    at shouldWriteSeparatingLineTerminator (tsserver.js:93082:27)
    at emitNodeList (tsserver.js:92867:29)
    at emitList (tsserver.js:92764:13)
    at Object.writeList (tsserver.js:90188:13)
    at tsserver.js:115321:29
    at Object.mapToDisplayParts (tsserver.js:103874:13)
    at itemInfoForParameters (tsserver.js:115318:41)
    at getSignatureHelpItem (tsserver.js:115284:95)
    at tsserver.js:115257:79
    at Array.map (<anonymous>)
    at createSignatureHelpItems (tsserver.js:115257:36)
    at tsserver.js:114849:23
    at Object.runWithCancellationToken (tsserver.js:33393:28)
    at Object.getSignatureHelpItems (tsserver.js:114847:32)
    at Object.getSignatureHelpItems (tsserver.js:130926:37)
    at IOSession.Session.getSignatureHelpItems (tsserver.js:140489:62)
    at Session.handlers.ts.createMapFromTemplate._a.<computed> (tsserver.js:139415:61)
    at tsserver.js:140929:88
    at IOSession.Session.executeWithRequestId (tsserver.js:140920:28)
    at IOSession.Session.executeCommand (tsserver.js:140929:33)
    at IOSession.Session.onMessage (tsserver.js:140952:35)
    at Interface.<anonymous> (tsserver.js:142267:27)
    at Interface.emit (events.js:200:13)
    at Interface._onLine (readline.js:314:10)
    at Interface._normalWrite (readline.js:459:12)
    at Socket.ondata (readline.js:170:10)
    at Socket.emit (events.js:200:13)
    at addChunk (_stream_readable.js:294:12)
    at readableAddChunk (_stream_readable.js:275:11)
    at Socket.Readable.push (_stream_readable.js:210:10)
    at Pipe.onStreamRead (internal/stream_base_commons.js:166:17): Error: <semantic> TypeScript Server Error (3.7.3)
Cannot read property 'emitNode' of undefined
TypeError: Cannot read property 'emitNode' of undefined
    at Object.getStartsOnNewLine (tsserver.js:69012:29)
    at shouldWriteSeparatingLineTerminator (tsserver.js:93082:27)
    at emitNodeList (tsserver.js:92867:29)
    at emitList (tsserver.js:92764:13)
    at Object.writeList (tsserver.js:90188:13)
    at tsserver.js:115321:29
    at Object.mapToDisplayParts (tsserver.js:103874:13)
    at itemInfoForParameters (tsserver.js:115318:41)
    at getSignatureHelpItem (tsserver.js:115284:95)
    at tsserver.js:115257:79
    at Array.map (<anonymous>)
    at createSignatureHelpItems (tsserver.js:115257:36)
    at tsserver.js:114849:23
    at Object.runWithCancellationToken (tsserver.js:33393:28)
    at Object.getSignatureHelpItems (tsserver.js:114847:32)
    at Object.getSignatureHelpItems (tsserver.js:130926:37)
    at IOSession.Session.getSignatureHelpItems (tsserver.js:140489:62)
    at Session.handlers.ts.createMapFromTemplate._a.<computed> (tsserver.js:139415:61)
    at tsserver.js:140929:88
    at IOSession.Session.executeWithRequestId (tsserver.js:140920:28)
    at IOSession.Session.executeCommand (tsserver.js:140929:33)
    at IOSession.Session.onMessage (tsserver.js:140952:35)
    at Interface.<anonymous> (tsserver.js:142267:27)
    at Interface.emit (events.js:200:13)
    at Interface._onLine (readline.js:314:10)
    at Interface._normalWrite (readline.js:459:12)
    at Socket.ondata (readline.js:170:10)
    at Socket.emit (events.js:200:13)
    at addChunk (_stream_readable.js:294:12)
    at readableAddChunk (_stream_readable.js:275:11)
    at Socket.Readable.push (_stream_readable.js:210:10)
    at Pipe.onStreamRead (internal/stream_base_commons.js:166:17)
	at Function.create (/usr/share/code/resources/app/extensions/typescript-language-features/dist/extension.js:1:47388)
	at h.dispatchResponse (/usr/share/code/resources/app/extensions/typescript-language-features/dist/extension.js:1:206557)
	at h.dispatchMessage (/usr/share/code/resources/app/extensions/typescript-language-features/dist/extension.js:1:205455)
	at /usr/share/code/resources/app/extensions/typescript-language-features/dist/extension.js:1:204931
	at l.fire (/usr/share/code/resources/app/out/vs/workbench/services/extensions/node/extensionHostProcess.js:46:893)
	at t.Reader.onLengthData (/usr/share/code/resources/app/extensions/typescript-language-features/dist/extension.js:1:212021)
	at Socket.<anonymous> (/usr/share/code/resources/app/extensions/typescript-language-features/dist/extension.js:1:211669)
	at Socket.emit (events.js:200:13)
	at addChunk (_stream_readable.js:294:12)
	at readableAddChunk (_stream_readable.js:275:11)
	at Socket.Readable.push (_stream_readable.js:210:10)
	at Pipe.onStreamRead (internal/stream_base_commons.js:166:17)
[2020-01-14 12:31:44.896] [renderer1] [error] <semantic> TypeScript Server Error (3.7.3)
Cannot read property 'emitNode' of undefined
TypeError: Cannot read property 'emitNode' of undefined
    at Object.getStartsOnNewLine (tsserver.js:69012:29)
    at shouldWriteSeparatingLineTerminator (tsserver.js:93082:27)
    at emitNodeList (tsserver.js:92867:29)
    at emitList (tsserver.js:92764:13)
    at Object.writeList (tsserver.js:90188:13)
    at tsserver.js:115321:29
    at Object.mapToDisplayParts (tsserver.js:103874:13)
    at itemInfoForParameters (tsserver.js:115318:41)
    at getSignatureHelpItem (tsserver.js:115284:95)
    at tsserver.js:115257:79
    at Array.map (<anonymous>)
    at createSignatureHelpItems (tsserver.js:115257:36)
    at tsserver.js:114849:23
    at Object.runWithCancellationToken (tsserver.js:33393:28)
    at Object.getSignatureHelpItems (tsserver.js:114847:32)
    at Object.getSignatureHelpItems (tsserver.js:130926:37)
    at IOSession.Session.getSignatureHelpItems (tsserver.js:140489:62)
    at Session.handlers.ts.createMapFromTemplate._a.<computed> (tsserver.js:139415:61)
    at tsserver.js:140929:88
    at IOSession.Session.executeWithRequestId (tsserver.js:140920:28)
    at IOSession.Session.executeCommand (tsserver.js:140929:33)
    at IOSession.Session.onMessage (tsserver.js:140952:35)
    at Interface.<anonymous> (tsserver.js:142267:27)
    at Interface.emit (events.js:200:13)
    at Interface._onLine (readline.js:314:10)
    at Interface._normalWrite (readline.js:459:12)
    at Socket.ondata (readline.js:170:10)
    at Socket.emit (events.js:200:13)
    at addChunk (_stream_readable.js:294:12)
    at readableAddChunk (_stream_readable.js:275:11)
    at Socket.Readable.push (_stream_readable.js:210:10)
    at Pipe.onStreamRead (internal/stream_base_commons.js:166:17): Error: <semantic> TypeScript Server Error (3.7.3)
Cannot read property 'emitNode' of undefined
TypeError: Cannot read property 'emitNode' of undefined
    at Object.getStartsOnNewLine (tsserver.js:69012:29)
    at shouldWriteSeparatingLineTerminator (tsserver.js:93082:27)
    at emitNodeList (tsserver.js:92867:29)
    at emitList (tsserver.js:92764:13)
    at Object.writeList (tsserver.js:90188:13)
    at tsserver.js:115321:29
    at Object.mapToDisplayParts (tsserver.js:103874:13)
    at itemInfoForParameters (tsserver.js:115318:41)
    at getSignatureHelpItem (tsserver.js:115284:95)
    at tsserver.js:115257:79
    at Array.map (<anonymous>)
    at createSignatureHelpItems (tsserver.js:115257:36)
    at tsserver.js:114849:23
    at Object.runWithCancellationToken (tsserver.js:33393:28)
    at Object.getSignatureHelpItems (tsserver.js:114847:32)
    at Object.getSignatureHelpItems (tsserver.js:130926:37)
    at IOSession.Session.getSignatureHelpItems (tsserver.js:140489:62)
    at Session.handlers.ts.createMapFromTemplate._a.<computed> (tsserver.js:139415:61)
    at tsserver.js:140929:88
    at IOSession.Session.executeWithRequestId (tsserver.js:140920:28)
    at IOSession.Session.executeCommand (tsserver.js:140929:33)
    at IOSession.Session.onMessage (tsserver.js:140952:35)
    at Interface.<anonymous> (tsserver.js:142267:27)
    at Interface.emit (events.js:200:13)
    at Interface._onLine (readline.js:314:10)
    at Interface._normalWrite (readline.js:459:12)
    at Socket.ondata (readline.js:170:10)
    at Socket.emit (events.js:200:13)
    at addChunk (_stream_readable.js:294:12)
    at readableAddChunk (_stream_readable.js:275:11)
    at Socket.Readable.push (_stream_readable.js:210:10)
    at Pipe.onStreamRead (internal/stream_base_commons.js:166:17)
	at Function.create (/usr/share/code/resources/app/extensions/typescript-language-features/dist/extension.js:1:47388)
	at h.dispatchResponse (/usr/share/code/resources/app/extensions/typescript-language-features/dist/extension.js:1:206557)
	at h.dispatchMessage (/usr/share/code/resources/app/extensions/typescript-language-features/dist/extension.js:1:205455)
	at /usr/share/code/resources/app/extensions/typescript-language-features/dist/extension.js:1:204931
	at l.fire (/usr/share/code/resources/app/out/vs/workbench/services/extensions/node/extensionHostProcess.js:46:893)
	at t.Reader.onLengthData (/usr/share/code/resources/app/extensions/typescript-language-features/dist/extension.js:1:212021)
	at Socket.<anonymous> (/usr/share/code/resources/app/extensions/typescript-language-features/dist/extension.js:1:211669)
	at Socket.emit (events.js:200:13)
	at addChunk (_stream_readable.js:294:12)
	at readableAddChunk (_stream_readable.js:275:11)
	at Socket.Readable.push (_stream_readable.js:210:10)
	at Pipe.onStreamRead (internal/stream_base_commons.js:166:17)
